*** Starting uWSGI 2.0.15 (64bit) on [Fri Dec 15 10:55:59 2017] ***
compiled with version: 4.8.5 20150623 (Red Hat 4.8.5-11) on 13 September 2017 20:02:11
os: Linux-3.10.0-514.26.2.el7.x86_64 #1 SMP Tue Jul 4 15:04:05 UTC 2017
nodename: VM_252_154_centos
machine: x86_64
clock source: unix
pcre jit disabled
detected number of CPU cores: 1
current working directory: /root/blog/deploy_online
writing pidfile to uwsgi.pid
detected binary path: /usr/bin/uwsgi
uWSGI running as root, you can use --uid/--gid/--chroot options
*** WARNING: you are running uWSGI as root !!! (use the --uid flag) *** 
your processes number limit is 65535
your memory page size is 4096 bytes
detected max file descriptor number: 100001
lock engine: pthread robust mutexes
thunder lock: disabled (you can enable it with --thunder-lock)
probably another instance of uWSGI is running on the same address (:3031).
bind(): Address already in use [core/socket.c line 769]
*** Starting uWSGI 2.0.15 (64bit) on [Fri Dec 15 10:59:35 2017] ***
compiled with version: 4.8.5 20150623 (Red Hat 4.8.5-11) on 13 September 2017 20:02:11
os: Linux-3.10.0-514.26.2.el7.x86_64 #1 SMP Tue Jul 4 15:04:05 UTC 2017
nodename: VM_252_154_centos
machine: x86_64
clock source: unix
pcre jit disabled
detected number of CPU cores: 1
current working directory: /root/blog/deploy_online
writing pidfile to uwsgi.pid
detected binary path: /usr/bin/uwsgi
uWSGI running as root, you can use --uid/--gid/--chroot options
*** WARNING: you are running uWSGI as root !!! (use the --uid flag) *** 
your processes number limit is 65535
your memory page size is 4096 bytes
detected max file descriptor number: 100001
lock engine: pthread robust mutexes
thunder lock: disabled (you can enable it with --thunder-lock)
uwsgi socket 0 bound to TCP address :3031 fd 3
Python version: 2.7.5 (default, Nov  6 2016, 00:28:07)  [GCC 4.8.5 20150623 (Red Hat 4.8.5-11)]
Python main interpreter initialized at 0xee8c90
python threads support enabled
your server socket listen backlog is limited to 100 connections
your mercy for graceful operations on workers is 60 seconds
mapped 702080 bytes (685 KB) for 8 cores
*** Operational MODE: preforking+threaded ***
WSGI app 0 (mountpoint='') ready in 0 seconds on interpreter 0xee8c90 pid: 8999 (default app)
*** uWSGI is running in multiple interpreter mode ***
spawned uWSGI master process (pid: 8999)
spawned uWSGI worker 1 (pid: 9017, cores: 2)
spawned uWSGI worker 2 (pid: 9018, cores: 2)
spawned uWSGI worker 3 (pid: 9019, cores: 2)
spawned uWSGI worker 4 (pid: 9020, cores: 2)
[pid: 9020|app: 0|req: 1/1] 111.8.49.212 () {44 vars in 784 bytes} [Fri Dec 15 10:59:37 2017] GET / => generated 161 bytes in 18 msecs (HTTP/1.1 200) 2 headers in 80 bytes (1 switches on core 0)
[pid: 9020|app: 0|req: 2/2] 111.8.49.212 () {46 vars in 784 bytes} [Fri Dec 15 10:59:38 2017] GET /favicon.ico => generated 233 bytes in 23 msecs (HTTP/1.1 404) 2 headers in 72 bytes (1 switches on core 1)
[pid: 9020|app: 0|req: 3/3] 111.8.49.212 () {44 vars in 800 bytes} [Fri Dec 15 10:59:39 2017] GET /edit/ => generated 221 bytes in 9 msecs (HTTP/1.1 302) 3 headers in 122 bytes (1 switches on core 0)
[pid: 9020|app: 0|req: 4/4] 111.8.49.212 () {44 vars in 802 bytes} [Fri Dec 15 10:59:39 2017] GET /login/ => generated 550 bytes in 45 msecs (HTTP/1.1 200) 2 headers in 80 bytes (1 switches on core 1)
[pid: 9020|app: 0|req: 5/5] 111.8.49.212 () {52 vars in 989 bytes} [Fri Dec 15 10:59:44 2017] POST /login/ => generated 26 bytes in 18 msecs (HTTP/1.1 200) 2 headers in 79 bytes (1 switches on core 0)
[pid: 9020|app: 0|req: 6/6] 111.8.49.212 () {44 vars in 802 bytes} [Fri Dec 15 10:59:49 2017] GET /login/ => generated 550 bytes in 2 msecs (HTTP/1.1 200) 2 headers in 80 bytes (1 switches on core 1)
[pid: 9020|app: 0|req: 7/7] 111.8.49.212 () {52 vars in 989 bytes} [Fri Dec 15 10:59:53 2017] POST /login/ => generated 26 bytes in 2 msecs (HTTP/1.1 200) 2 headers in 79 bytes (1 switches on core 0)
[pid: 9020|app: 0|req: 8/8] 111.8.49.212 () {44 vars in 802 bytes} [Fri Dec 15 10:59:55 2017] GET /login/ => generated 550 bytes in 2 msecs (HTTP/1.1 200) 2 headers in 80 bytes (1 switches on core 1)
[pid: 9020|app: 0|req: 9/9] 111.8.49.212 () {44 vars in 800 bytes} [Fri Dec 15 10:59:57 2017] GET /edit/ => generated 221 bytes in 1 msecs (HTTP/1.1 302) 3 headers in 122 bytes (1 switches on core 0)
[pid: 9018|app: 0|req: 1/10] 111.8.49.212 () {44 vars in 802 bytes} [Fri Dec 15 10:59:57 2017] GET /login/ => generated 550 bytes in 21 msecs (HTTP/1.1 200) 2 headers in 80 bytes (1 switches on core 0)
[pid: 9018|app: 0|req: 2/11] 111.8.49.212 () {52 vars in 989 bytes} [Fri Dec 15 11:01:47 2017] POST /login/ => generated 26 bytes in 2 msecs (HTTP/1.1 200) 2 headers in 79 bytes (1 switches on core 1)
[pid: 9020|app: 0|req: 10/12] 111.8.49.212 () {44 vars in 802 bytes} [Fri Dec 15 11:01:48 2017] GET /login/ => generated 550 bytes in 2 msecs (HTTP/1.1 200) 2 headers in 80 bytes (1 switches on core 0)
[pid: 9020|app: 0|req: 11/13] 111.8.49.212 () {52 vars in 989 bytes} [Fri Dec 15 11:01:51 2017] POST /login/ => generated 219 bytes in 3 msecs (HTTP/1.1 302) 4 headers in 220 bytes (1 switches on core 1)
[pid: 9020|app: 0|req: 12/14] 111.8.49.212 () {46 vars in 906 bytes} [Fri Dec 15 11:01:51 2017] GET /edit/ => generated 2973 bytes in 9 msecs (HTTP/1.1 200) 2 headers in 81 bytes (1 switches on core 0)
[pid: 9020|app: 0|req: 13/15] 111.8.49.212 () {50 vars in 963 bytes} [Fri Dec 15 11:11:40 2017] POST /upload/ => generated 63 bytes in 6 msecs (HTTP/1.1 200) 2 headers in 71 bytes (1 switches on core 1)
[pid: 9020|app: 0|req: 14/16] 111.8.49.212 () {44 vars in 955 bytes} [Fri Dec 15 11:11:42 2017] GET /upload/?filename=%E8%BF%91%E4%B9%8E%E5%85%A8%E6%A0%88%E7%9A%84%E4%BD%93%E9%AA%8C-61ef => generated 7 bytes in 4 msecs (HTTP/1.1 200) 2 headers in 78 bytes (1 switches on core 0)
[passage 7829172] Site update:2017-12-15 11:11:42
 2 files changed, 33 insertions(+), 2 deletions(-)
 create mode 100644 "\350\277\221\344\271\216\345\205\250\346\240\210\347\232\204\344\275\223\351\252\214-61ef.md"
To git@github.com:whllhw/whllhw.github.io
 ! [rejected]        passage -> passage (fetch first)
error: failed to push some refs to 'git@github.com:whllhw/whllhw.github.io'
hint: Updates were rejected because the remote contains work that you do
hint: not have locally. This is usually caused by another repository pushing
hint: to the same ref. You may want to first merge the remote changes (e.g.,
hint: 'git pull') before pushing again.
hint: See the 'Note about fast-forwards' in 'git push --help' for details.
INFO  Start processing
INFO  Generate link 4603 for post [近乎全栈的体验]
INFO  Files loaded in 2.55 s
INFO  Generated: 2048/src/settings.js
INFO  Generated: 2048/style-mobile.css
INFO  Generated: 2048/main.js
INFO  Generated: 2048/style-desktop.css
INFO  Generated: content.json
INFO  Generated: 2048/src/project.js
INFO  Generated: 2048/cocos2d-js-min.js
INFO  Generated: 404.html
INFO  Generated: 2048/index.html
INFO  Generated: 2048/res/import/05/051ae4a8b.json
INFO  Generated: tags/index.html
INFO  Generated: posts/8687/index.html
INFO  Generated: about/index.html
INFO  Generated: categories/index.html
INFO  Generated: posts/54061/index.html
INFO  Generated: posts/50901/index.html
INFO  Generated: posts/22006/index.html
INFO  Generated: posts/42265/index.html
INFO  Generated: posts/13040/index.html
INFO  Generated: posts/20125/index.html
INFO  Generated: posts/15782/index.html
INFO  Generated: posts/7689/index.html
INFO  Generated: posts/27751/index.html
INFO  Generated: posts/59144/index.html
INFO  Generated: posts/20103/index.html
INFO  Generated: posts/44822/index.html
INFO  Generated: posts/36564/index.html
INFO  Generated: posts/32119/index.html
INFO  Generated: posts/22648/index.html
INFO  Generated: posts/56219/index.html
INFO  Generated: posts/51100/index.html
INFO  Generated: posts/9138/index.html
INFO  Generated: posts/12121/index.html
INFO  Generated: posts/16169/index.html
INFO  Generated: posts/65501/index.html
INFO  Generated: posts/31654/index.html
INFO  Generated: posts/54469/index.html
INFO  Generated: posts/33145/index.html
INFO  Generated: posts/65333/index.html
INFO  Generated: posts/57763/index.html
INFO  Generated: archives/index.html
INFO  Generated: posts/17096/index.html
INFO  Generated: archives/2016/index.html
INFO  Generated: archives/2016/11/index.html
INFO  Generated: archives/page/2/index.html
INFO  Generated: archives/page/3/index.html
INFO  Generated: archives/2017/index.html
INFO  Generated: archives/2017/03/index.html
INFO  Generated: archives/2016/12/index.html
INFO  Generated: archives/2017/02/index.html
INFO  Generated: archives/2016/page/2/index.html
INFO  Generated: archives/2017/01/index.html
INFO  Generated: archives/2017/06/index.html
INFO  Generated: archives/2017/08/index.html
INFO  Generated: archives/2017/page/2/index.html
INFO  Generated: index.html
INFO  Generated: archives/2017/09/index.html
INFO  Generated: categories/参考文档/index.html
INFO  Generated: archives/2017/04/index.html
INFO  Generated: tags/git-linux/index.html
INFO  Generated: page/3/index.html
INFO  Generated: tags/cocos/index.html
INFO  Generated: tags/VMware/index.html
INFO  Generated: tags/nginx-php/index.html
INFO  Generated: archives/2017/11/index.html
INFO  Generated: tags/nginx-WordPress/index.html
INFO  Generated: tags/ubuntu-ssh/index.html
INFO  Generated: tags/ubuntu/index.html
INFO  Generated: tags/Markdown/index.html
INFO  Generated: tags/WordPress/index.html
INFO  Generated: tags/Selenium-python/index.html
INFO  Generated: tags/python/index.html
INFO  Generated: tags/ubuntu-lnmp-samba/index.html
INFO  Generated: tags/游戏服务器/index.html
INFO  Generated: tags/Ubuntu/index.html
INFO  Generated: tags/windowserver/index.html
INFO  Generated: tags/flask-python/index.html
INFO  Generated: tags/shell/index.html
INFO  Generated: tags/PE/index.html
INFO  Generated: tags/linux-iptables/index.html
INFO  Generated: tags/硬件-电脑/index.html
INFO  Generated: page/2/index.html
INFO  Generated: tags/虚拟机/index.html
INFO  Generated: images/sp170110_113035.png
INFO  Generated: images/20170110223815.png
INFO  Generated: images/avatar.jpg
INFO  Generated: images/scrapy_.png
INFO  Generated: tags/centos-linux/index.html
INFO  Generated: 2048/splash.png
INFO  Generated: tags/Linux-Ubuntu-Centos/index.html
INFO  Generated: fonts/iconfont.b322fa.eot
INFO  Generated: fonts/tooltip.4004ff.svg
INFO  Generated: img/preloader.gif
INFO  Generated: img/scrollbar_arrow.png
INFO  Generated: fonts/default-skin.b257fa.svg
INFO  Generated: img/default-skin.png
INFO  Generated: 2048/res/raw-internal/image/default_sprite_splash.png
INFO  Generated: 2048/res/raw-internal/image/default_btn_disabled.png
INFO  Generated: 2048/res/raw-assets/media/gameover.mp3
INFO  Generated: 2048/res/raw-assets/Texture/roundCorner.png
INFO  Generated: 2048/res/raw-internal/image/default_btn_pressed.png
INFO  Generated: 2048/res/raw-assets/media/get.mp3
INFO  Generated: fonts/iconfont.8c627f.woff
INFO  Generated: fonts/iconfont.16acc2.ttf
INFO  Generated: favicon.ico
INFO  Generated: fonts/iconfont.45d7ee.svg
INFO  Generated: images/scrapy_architecture.png
INFO  Generated: 2048/res/import/a3/a36bddce-e5b1-4ce2-9fc9-b9182c92439f/Yikes_medium.ttf
INFO  Generated: main.507b3a.js
INFO  Generated: main.507b3a.css
INFO  Generated: slider.e37972.js
INFO  Generated: mobile.fdc4b7.js
INFO  Generated: archives/2017/12/index.html
INFO  Generated: posts/4603/index.html
INFO  Generated: tags/flask-js/index.html
INFO  115 files generated in 6.37 s
INFO  Deploying: git
INFO  Clearing .deploy_git folder...
INFO  Copying files from public folder...
INFO  Copying files from extend dirs...
[master 03a05db] Site updated: 2017-12-15 11:11:58
 81 files changed, 3555 insertions(+), 1319 deletions(-)
 create mode 100644 archives/2017/12/index.html
 rewrite content.json (100%)
 create mode 100644 posts/4603/index.html
 create mode 100644 tags/flask-js/index.html
To git@github.com:whllhw/whllhw.github.io
   de0893a..03a05db  HEAD -> master
Branch master set up to track remote branch master from git@github.com:whllhw/whllhw.github.io.
INFO  Deploy done: git
[pid: 9019|app: 0|req: 1/17] 111.8.49.212 () {40 vars in 678 bytes} [Fri Dec 15 11:56:11 2017] GET / => generated 161 bytes in 98 msecs (HTTP/1.1 200) 2 headers in 80 bytes (1 switches on core 0)
[pid: 9020|app: 0|req: 15/18] 111.8.49.212 () {40 vars in 656 bytes} [Fri Dec 15 11:56:12 2017] GET /favicon.ico => generated 233 bytes in 2 msecs (HTTP/1.1 404) 2 headers in 72 bytes (1 switches on core 1)
[pid: 9019|app: 0|req: 2/19] 111.8.49.212 () {42 vars in 725 bytes} [Fri Dec 15 11:56:13 2017] GET /edit/ => generated 221 bytes in 26 msecs (HTTP/1.1 302) 3 headers in 122 bytes (1 switches on core 1)
[pid: 9020|app: 0|req: 16/20] 111.8.49.212 () {42 vars in 727 bytes} [Fri Dec 15 11:56:13 2017] GET /login/ => generated 550 bytes in 6 msecs (HTTP/1.1 200) 2 headers in 80 bytes (1 switches on core 0)
[pid: 9020|app: 0|req: 17/21] 111.8.49.212 () {50 vars in 914 bytes} [Fri Dec 15 11:56:17 2017] POST /login/ => generated 219 bytes in 25 msecs (HTTP/1.1 302) 4 headers in 220 bytes (1 switches on core 1)
[pid: 9020|app: 0|req: 18/22] 111.8.49.212 () {46 vars in 844 bytes} [Fri Dec 15 11:56:17 2017] GET /edit/ => generated 2973 bytes in 3 msecs (HTTP/1.1 200) 2 headers in 81 bytes (1 switches on core 0)
[pid: 9020|app: 0|req: 19/23] 111.8.49.212 () {50 vars in 901 bytes} [Fri Dec 15 11:57:56 2017] POST /upload/ => generated 63 bytes in 9 msecs (HTTP/1.1 200) 2 headers in 71 bytes (1 switches on core 1)
[pid: 9020|app: 0|req: 20/24] 111.8.49.212 () {44 vars in 893 bytes} [Fri Dec 15 11:57:57 2017] GET /upload/?filename=%E8%BF%91%E4%B9%8E%E5%85%A8%E6%A0%88%E7%9A%84%E4%BD%93%E9%AA%8C-0ba4 => generated 7 bytes in 3 msecs (HTTP/1.1 200) 2 headers in 78 bytes (1 switches on core 0)
warning: You ran 'git add' with neither '-A (--all)' or '--ignore-removal',
whose behaviour will change in Git 2.0 with respect to paths you removed.
Paths like '近乎全栈的体验-61ef.md' that are
removed from your working tree are ignored with this version of Git.

* 'git add --ignore-removal <pathspec>', which is the current default,
  ignores paths you removed from your working tree.

* 'git add --all <pathspec>' will let you also record the removals.

Run 'git status' to check the paths you removed from your working tree.

[passage 218114c] Site update:2017-12-15 11:57:57
 1 file changed, 38 insertions(+)
 create mode 100644 "\350\277\221\344\271\216\345\205\250\346\240\210\347\232\204\344\275\223\351\252\214-0ba4.md"
To git@github.com:whllhw/whllhw.github.io
 ! [rejected]        passage -> passage (fetch first)
error: failed to push some refs to 'git@github.com:whllhw/whllhw.github.io'
hint: Updates were rejected because the remote contains work that you do
hint: not have locally. This is usually caused by another repository pushing
hint: to the same ref. You may want to first merge the remote changes (e.g.,
hint: 'git pull') before pushing again.
hint: See the 'Note about fast-forwards' in 'git push --help' for details.
INFO  Start processing
INFO  Generate link 4603 for post [近乎全栈的体验]
INFO  Files loaded in 2.79 s
INFO  Generated: 2048/main.js
INFO  Generated: 2048/style-desktop.css
INFO  Generated: 2048/style-mobile.css
INFO  Generated: 2048/src/project.js
INFO  Generated: 2048/cocos2d-js-min.js
INFO  Generated: content.json
INFO  Generated: 2048/src/settings.js
INFO  Generated: 2048/index.html
INFO  Generated: tags/index.html
INFO  Generated: about/index.html
INFO  Generated: 2048/res/import/05/051ae4a8b.json
INFO  Generated: 404.html
INFO  Generated: posts/4603/index.html
INFO  Generated: categories/index.html
INFO  Generated: posts/22006/index.html
INFO  Generated: posts/54061/index.html
INFO  Generated: posts/50901/index.html
INFO  Generated: posts/42265/index.html
INFO  Generated: posts/13040/index.html
INFO  Generated: posts/7689/index.html
INFO  Generated: posts/27751/index.html
INFO  Generated: posts/20103/index.html
INFO  Generated: posts/59144/index.html
INFO  Generated: posts/44822/index.html
INFO  Generated: posts/36564/index.html
INFO  Generated: posts/56219/index.html
INFO  Generated: posts/32119/index.html
INFO  Generated: posts/57763/index.html
INFO  Generated: posts/22648/index.html
INFO  Generated: posts/51100/index.html
INFO  Generated: posts/16169/index.html
INFO  Generated: posts/9138/index.html
INFO  Generated: posts/65501/index.html
INFO  Generated: posts/31654/index.html
INFO  Generated: posts/12121/index.html
INFO  Generated: posts/33145/index.html
INFO  Generated: posts/54469/index.html
INFO  Generated: posts/65333/index.html
INFO  Generated: posts/17096/index.html
INFO  Generated: archives/index.html
INFO  Generated: archives/2016/index.html
INFO  Generated: archives/page/2/index.html
INFO  Generated: archives/2017/index.html
INFO  Generated: posts/15782/index.html
INFO  Generated: archives/page/3/index.html
INFO  Generated: archives/2016/12/index.html
INFO  Generated: archives/2017/03/index.html
INFO  Generated: archives/2017/02/index.html
INFO  Generated: archives/2017/01/index.html
INFO  Generated: archives/2017/04/index.html
INFO  Generated: archives/2017/06/index.html
INFO  Generated: posts/8687/index.html
INFO  Generated: posts/20125/index.html
INFO  Generated: archives/2017/08/index.html
INFO  Generated: index.html
INFO  Generated: archives/2017/09/index.html
INFO  Generated: categories/参考文档/index.html
INFO  Generated: archives/2016/page/2/index.html
INFO  Generated: tags/cocos/index.html
INFO  Generated: page/2/index.html
INFO  Generated: tags/nginx-php/index.html
INFO  Generated: page/3/index.html
INFO  Generated: tags/VMware/index.html
INFO  Generated: tags/git-linux/index.html
INFO  Generated: tags/ubuntu-ssh/index.html
INFO  Generated: archives/2017/page/2/index.html
INFO  Generated: tags/Markdown/index.html
INFO  Generated: tags/Selenium-python/index.html
INFO  Generated: tags/nginx-WordPress/index.html
INFO  Generated: tags/WordPress/index.html
INFO  Generated: tags/python/index.html
INFO  Generated: tags/游戏服务器/index.html
INFO  Generated: tags/shell/index.html
INFO  Generated: tags/ubuntu-lnmp-samba/index.html
INFO  Generated: tags/Ubuntu/index.html
INFO  Generated: tags/windowserver/index.html
INFO  Generated: tags/centos-linux/index.html
INFO  Generated: archives/2017/12/index.html
INFO  Generated: tags/flask-python/index.html
INFO  Generated: tags/硬件-电脑/index.html
INFO  Generated: tags/PE/index.html
INFO  Generated: tags/虚拟机/index.html
INFO  Generated: tags/linux-iptables/index.html
INFO  Generated: archives/2017/11/index.html
INFO  Generated: tags/ubuntu/index.html
INFO  Generated: tags/flask-js/index.html
INFO  Generated: archives/2016/11/index.html
INFO  Generated: images/20170110223815.png
INFO  Generated: images/avatar.jpg
INFO  Generated: images/scrapy_.png
INFO  Generated: images/sp170110_113035.png
INFO  Generated: fonts/default-skin.b257fa.svg
INFO  Generated: fonts/iconfont.8c627f.woff
INFO  Generated: fonts/iconfont.b322fa.eot
INFO  Generated: fonts/tooltip.4004ff.svg
INFO  Generated: img/default-skin.png
INFO  Generated: img/preloader.gif
INFO  Generated: img/scrollbar_arrow.png
INFO  Generated: 2048/splash.png
INFO  Generated: fonts/iconfont.16acc2.ttf
INFO  Generated: fonts/iconfont.45d7ee.svg
INFO  Generated: 2048/res/raw-internal/image/default_btn_disabled.png
INFO  Generated: 2048/res/raw-internal/image/default_btn_pressed.png
INFO  Generated: 2048/res/raw-internal/image/default_sprite_splash.png
INFO  Generated: 2048/res/raw-assets/media/gameover.mp3
INFO  Generated: 2048/res/raw-assets/media/get.mp3
INFO  Generated: 2048/res/raw-assets/Texture/roundCorner.png
INFO  Generated: 2048/res/import/a3/a36bddce-e5b1-4ce2-9fc9-b9182c92439f/Yikes_medium.ttf
INFO  Generated: favicon.ico
INFO  Generated: tags/Linux-Ubuntu-Centos/index.html
INFO  Generated: main.507b3a.css
INFO  Generated: slider.e37972.js
INFO  Generated: main.507b3a.js
INFO  Generated: mobile.fdc4b7.js
INFO  Generated: images/scrapy_architecture.png
INFO  115 files generated in 2.24 s
INFO  Deploying: git
INFO  Clearing .deploy_git folder...
INFO  Copying files from public folder...
INFO  Copying files from extend dirs...
[master 89229fe] Site updated: 2017-12-15 11:58:07
 81 files changed, 1502 insertions(+), 1479 deletions(-)
To git@github.com:whllhw/whllhw.github.io
   03a05db..89229fe  HEAD -> master
Branch master set up to track remote branch master from git@github.com:whllhw/whllhw.github.io.
INFO  Deploy done: git
[pid: 9020|app: 0|req: 21/25] 60.191.38.77 () {36 vars in 576 bytes} [Fri Dec 15 14:12:35 2017] GET / => generated 161 bytes in 1 msecs (HTTP/1.1 200) 2 headers in 80 bytes (1 switches on core 0)
[pid: 9020|app: 0|req: 22/26] 218.93.201.199 () {34 vars in 510 bytes} [Fri Dec 15 14:17:28 2017] GET /manager/html => generated 233 bytes in 1 msecs (HTTP/1.1 404) 2 headers in 72 bytes (1 switches on core 0)
[pid: 9020|app: 0|req: 23/27] 183.57.54.43 () {26 vars in 281 bytes} [Fri Dec 15 14:23:56 2017] GET / => generated 161 bytes in 1 msecs (HTTP/1.0 200) 2 headers in 80 bytes (1 switches on core 0)
[pid: 9020|app: 0|req: 24/28] 58.218.201.57 () {34 vars in 452 bytes} [Fri Dec 15 15:28:49 2017] GET / => generated 161 bytes in 0 msecs (HTTP/1.1 200) 2 headers in 80 bytes (1 switches on core 0)
[pid: 9020|app: 0|req: 25/29] 58.218.201.57 () {34 vars in 2195 bytes} [Fri Dec 15 15:28:52 2017] GET /index.action => generated 233 bytes in 1 msecs (HTTP/1.1 404) 2 headers in 72 bytes (1 switches on core 0)
[pid: 9020|app: 0|req: 26/30] 185.110.132.232 () {32 vars in 360 bytes} [Fri Dec 15 15:42:45 2017] GET / => generated 161 bytes in 0 msecs (HTTP/1.1 200) 2 headers in 80 bytes (1 switches on core 0)
[pid: 9020|app: 0|req: 27/31] 59.110.6.177 () {32 vars in 366 bytes} [Fri Dec 15 17:42:24 2017] GET / => generated 161 bytes in 1 msecs (HTTP/1.1 200) 2 headers in 80 bytes (1 switches on core 0)
[pid: 9020|app: 0|req: 28/32] 210.14.78.91 () {32 vars in 375 bytes} [Fri Dec 15 23:07:08 2017] GET / => generated 161 bytes in 1 msecs (HTTP/1.1 200) 2 headers in 80 bytes (1 switches on core 0)
[pid: 9020|app: 0|req: 29/33] 58.215.65.231 () {34 vars in 452 bytes} [Fri Dec 15 23:53:50 2017] GET / => generated 161 bytes in 0 msecs (HTTP/1.1 200) 2 headers in 80 bytes (1 switches on core 0)
[pid: 9019|app: 0|req: 3/34] 58.215.65.231 () {34 vars in 2195 bytes} [Fri Dec 15 23:53:50 2017] GET /index.action => generated 233 bytes in 41 msecs (HTTP/1.1 404) 2 headers in 72 bytes (1 switches on core 0)
[pid: 9019|app: 0|req: 4/35] 47.95.28.143 () {26 vars in 281 bytes} [Sat Dec 16 01:05:29 2017] GET / => generated 161 bytes in 1 msecs (HTTP/1.0 200) 2 headers in 80 bytes (1 switches on core 1)
[pid: 9019|app: 0|req: 5/36] 125.88.146.3 () {34 vars in 451 bytes} [Sat Dec 16 01:24:22 2017] GET / => generated 161 bytes in 0 msecs (HTTP/1.1 200) 2 headers in 80 bytes (1 switches on core 1)
[pid: 9020|app: 0|req: 30/37] 125.88.146.3 () {34 vars in 2194 bytes} [Sat Dec 16 01:24:22 2017] GET /index.action => generated 233 bytes in 1 msecs (HTTP/1.1 404) 2 headers in 72 bytes (1 switches on core 0)
[pid: 9019|app: 0|req: 6/38] 114.215.45.79 () {32 vars in 370 bytes} [Sat Dec 16 01:41:19 2017] GET / => generated 161 bytes in 0 msecs (HTTP/1.1 200) 2 headers in 80 bytes (1 switches on core 1)
[pid: 9019|app: 0|req: 7/39] 27.148.157.56 () {34 vars in 452 bytes} [Sat Dec 16 03:55:45 2017] GET / => generated 161 bytes in 1 msecs (HTTP/1.1 200) 2 headers in 80 bytes (1 switches on core 1)
[pid: 9018|app: 0|req: 3/40] 27.148.157.56 () {34 vars in 2195 bytes} [Sat Dec 16 03:55:45 2017] GET /index.action => generated 233 bytes in 32 msecs (HTTP/1.1 404) 2 headers in 72 bytes (1 switches on core 0)
[pid: 9019|app: 0|req: 8/41] 39.107.14.208 () {26 vars in 282 bytes} [Sat Dec 16 04:39:39 2017] GET / => generated 161 bytes in 0 msecs (HTTP/1.0 200) 2 headers in 80 bytes (1 switches on core 1)
[pid: 9019|app: 0|req: 9/42] 107.20.34.152 () {36 vars in 521 bytes} [Sat Dec 16 04:53:48 2017] GET / => generated 161 bytes in 0 msecs (HTTP/1.1 200) 2 headers in 80 bytes (1 switches on core 1)
[pid: 9019|app: 0|req: 10/43] 104.128.144.131 () {32 vars in 395 bytes} [Sat Dec 16 08:56:55 2017] GET / => generated 161 bytes in 0 msecs (HTTP/1.0 200) 2 headers in 80 bytes (1 switches on core 1)
[pid: 9019|app: 0|req: 11/44] 173.212.217.181 () {28 vars in 313 bytes} [Sat Dec 16 09:20:27 2017] GET / => generated 161 bytes in 0 msecs (HTTP/1.1 200) 2 headers in 80 bytes (1 switches on core 1)
[pid: 9018|app: 0|req: 4/45] 173.212.217.181 () {28 vars in 313 bytes} [Sat Dec 16 09:20:27 2017] GET / => generated 161 bytes in 6 msecs (HTTP/1.1 200) 2 headers in 80 bytes (1 switches on core 1)
[pid: 9019|app: 0|req: 12/46] 204.93.180.13 () {26 vars in 282 bytes} [Sat Dec 16 09:35:04 2017] GET / => generated 161 bytes in 1 msecs (HTTP/1.0 200) 2 headers in 80 bytes (1 switches on core 1)
[pid: 9019|app: 0|req: 13/47] 114.215.45.101 () {32 vars in 371 bytes} [Sat Dec 16 09:40:13 2017] GET / => generated 161 bytes in 0 msecs (HTTP/1.1 200) 2 headers in 80 bytes (1 switches on core 1)
[pid: 9019|app: 0|req: 14/48] 210.14.78.91 () {32 vars in 375 bytes} [Sat Dec 16 10:41:24 2017] GET / => generated 161 bytes in 1 msecs (HTTP/1.1 200) 2 headers in 80 bytes (1 switches on core 1)
[pid: 9019|app: 0|req: 15/49] 183.57.54.43 () {26 vars in 281 bytes} [Sat Dec 16 11:33:26 2017] GET / => generated 161 bytes in 0 msecs (HTTP/1.0 200) 2 headers in 80 bytes (1 switches on core 1)
